This is METAFONT (mf386), Version 2.718 [4b] (preloaded base=plain 1.9.20)  20 MAY 2002 17:02
**\scrollmode;mode:=laserjet;mag:=1.440000000;input cmbx12
(d:/emtex/mfinput/cm/cmbx12.mf (d:/emtex/mfinput/cm/cmbase.mf)
(d:/emtex/mfinput/cm/roman.mf (d:/emtex/mfinput/cm/romanu.mf [65] [66] [67]
[68] [69] [70] [71] [72] [73] [74] [75] [76] [77] [78] [79] [80] [81] [82]
[83] [84] [85] [86] [87] [88] [89] [90]) (d:/emtex/mfinput/cm/romanl.mf
[97] [98] [99] [100] [101] [102] [103] [104] [105] [106] [107] [108] [109]
[110] [111] [112] [113] [114] [115] [116] [117] [118] [119] [120] [121]
[122]) (d:/emtex/mfinput/cm/greeku.mf [0] [1] [2] [3] [4] [5] [6] [7] [8]
[9] [10]) (d:/emtex/mfinput/cm/romand.mf [48] [49] [50] [51] [52] [53] [54]
[55] [56] [57]) (d:/emtex/mfinput/cm/romanp.mf [36] [38] [63] [62])
(d:/emtex/mfinput/cm/romspl.mf [16] [17] [25] [26] [27] [28])
(d:/emtex/mfinput/cm/romspu.mf [29] [30] [31]) (d:/emtex/mfinput/cm/punct.mf
[33] [60] [35] [37] [39] [40] [41] [42] [43] [44] [46] [47] [58] [59] [61]
[64] [91] [93] [96]) (d:/emtex/mfinput/cm/accent.mf [18] [19] [20] [21]
[22] [23] [24] [32] [94] [95] [125] [126] [127]) (d:/emtex/mfinput/cm/romlig.mf
[11] [12] [13] [14] [15]) (d:/emtex/mfinput/cm/comlig.mf [34] [45] [92]
[123] [124]) ) )
Font metrics written on cmbx12.tfm.
Output written on cmbx12.432 (128 characters, 20628 bytes).
